info it worked if it ends with ok
verbose cli [ 'C:\\Program Files (x86)\\nodejs\\\\node.exe',
verbose cli   'C:\\Program Files (x86)\\nodejs\\node_modules\\npm\\bin\\npm-cli.js',
verbose cli   'install',
verbose cli   'data-capsule' ]
info using npm@1.1.1
info using node@v0.6.11
verbose config file C:\Users\Fergal\.npmrc
verbose config file C:\Program Files (x86)\nodejs\etc\npmrc
verbose config file C:\Program Files (x86)\nodejs\node_modules\npm\npmrc
verbose mkdir done: C:\Users\Fergal\AppData\Roaming\npm 755
verbose mkdir done: c:\assignment_2\node 755
verbose caching c:\assignment_2\node\node_modules\connect\package.json
verbose loadDefaults connect@1.8.5
verbose caching c:\assignment_2\node\node_modules\dispatch\package.json
verbose loadDefaults dispatch@0.2.0
verbose caching c:\assignment_2\node\node_modules\everyauth\package.json
verbose loadDefaults everyauth@0.2.32
verbose caching c:\assignment_2\node\node_modules\facebook-client\package.json
verbose loadDefaults facebook-client@1.6.0
verbose caching c:\assignment_2\node\node_modules\node-uuid\package.json
verbose loadDefaults node-uuid@1.3.3
verbose caching c:\assignment_2\node\node_modules\twitter\package.json
verbose loadDefaults twitter@v0.1.18
verbose caching c:\assignment_2\node\node_modules\mongodb\package.json
verbose loadDefaults mongodb@0.9.9-1
verbose cache add [ 'data-capsule', null ]
silly cache add: name, spec, args [ undefined, 'data-capsule', [ 'data-capsule', null ] ]
verbose parsed url { pathname: 'data-capsule',
verbose parsed url   path: 'data-capsule',
verbose parsed url   href: 'data-capsule' }
verbose addNamed [ 'data-capsule', '' ]
verbose addNamed [ null, '' ]
silly name, range, hasData [ 'data-capsule', '', false ]
verbose raw, before any munging data-capsule
verbose url resolving [ 'https://registry.npmjs.org/', './data-capsule' ]
verbose url resolved https://registry.npmjs.org/data-capsule
http GET https://registry.npmjs.org/data-capsule
http 404 https://registry.npmjs.org/data-capsule
silly get cb [ 404,
silly get cb   { server: 'CouchDB/1.2.0 (Erlang OTP/R15B)',
silly get cb     date: 'Wed, 02 May 2012 11:37:17 GMT',
silly get cb     'content-type': 'application/json',
silly get cb     'content-length': '52',
silly get cb     'cache-control': 'must-revalidate' } ]
ERR! 404 'data-capsule' is not in the npm registry.
ERR! 404 You should bug the author to publish it
ERR! 404 Note that you can also install from a
ERR! 404 tarball, folder, or http url, or git url.
ERR! 
ERR! System Windows_NT 6.1.7601
ERR! command "C:\\Program Files (x86)\\nodejs\\\\node.exe" "C:\\Program Files (x86)\\nodejs\\node_modules\\npm\\bin\\npm-cli.js" "install" "data-capsule"
ERR! cwd c:\assignment_2\node
ERR! node -v v0.6.11
ERR! npm -v 1.1.1
ERR! code E404
ERR! message 404 Not Found: data-capsule
ERR! errno {}
verbose exit [ 1, true ]
